This is pdfTeX, Version 3.14159265-2.6-1.40.21 (TeX Live 2020/W32TeX) (preloaded format=pdflatex 2021.2.2)  9 FEB 2021 21:39
entering extended mode
 restricted \write18 enabled.
 file:line:error style messages enabled.
 %&-line parsing enabled.
**c:/Users/wang/Desktop/cs229/ps2/tex/ps2.tex
(c:/Users/wang/Desktop/cs229/ps2/tex/ps2.tex
LaTeX2e <2020-02-02> patch level 5
L3 programming layer <2020-03-06> (c:/texlive/2020/texmf-dist/tex/latex/base/article.cls
Document Class: article 2019/12/20 v1.4l Standard LaTeX document class
(c:/texlive/2020/texmf-dist/tex/latex/base/size10.clo
File: size10.clo 2019/12/20 v1.4l Standard LaTeX file (size option)
)
\c@part=\count167
\c@section=\count168
\c@subsection=\count169
\c@subsubsection=\count170
\c@paragraph=\count171
\c@subparagraph=\count172
\c@figure=\count173
\c@table=\count174
\abovecaptionskip=\skip47
\belowcaptionskip=\skip48
\bibindent=\dimen134
) (c:/texlive/2020/texmf-dist/tex/latex/graphics/graphicx.sty
Package: graphicx 2019/11/30 v1.2a Enhanced LaTeX Graphics (DPC,SPQR)
 (c:/texlive/2020/texmf-dist/tex/latex/graphics/keyval.sty
Package: keyval 2014/10/28 v1.15 key=value parser (DPC)
\KV@toks@=\toks15
) (c:/texlive/2020/texmf-dist/tex/latex/graphics/graphics.sty
Package: graphics 2019/11/30 v1.4a Standard LaTeX Graphics (DPC,SPQR)
 (c:/texlive/2020/texmf-dist/tex/latex/graphics/trig.sty
Package: trig 2016/01/03 v1.10 sin cos tan (DPC)
) (c:/texlive/2020/texmf-dist/tex/latex/graphics-cfg/graphics.cfg
File: graphics.cfg 2016/06/04 v1.11 sample graphics configuration
)
Package graphics Info: Driver file: pdftex.def on input line 105.
 (c:/texlive/2020/texmf-dist/tex/latex/graphics-def/pdftex.def
File: pdftex.def 2018/01/08 v1.0l Graphics/color driver for pdftex
))
\Gin@req@height=\dimen135
\Gin@req@width=\dimen136
) (c:/texlive/2020/texmf-dist/tex/latex/caption/caption.sty
Package: caption 2020/01/03 v3.4h Customizing captions (AR)
 (c:/texlive/2020/texmf-dist/tex/latex/caption/caption3.sty
Package: caption3 2020/01/03 v1.8h caption3 kernel (AR)
Package caption3 Info: TeX engine: e-TeX on input line 61.
\captionmargin=\dimen137
\captionmargin@=\dimen138
\captionwidth=\dimen139
\caption@tempdima=\dimen140
\caption@indent=\dimen141
\caption@parindent=\dimen142
\caption@hangindent=\dimen143
Package caption Info: Standard document class detected.
)
\c@caption@flags=\count175
\c@continuedfloat=\count176
) (c:/texlive/2020/texmf-dist/tex/latex/enumitem/enumitem.sty
Package: enumitem 2019/06/20 v3.9 Customized lists
\labelindent=\skip49
\enit@outerparindent=\dimen144
\enit@toks=\toks16
\enit@inbox=\box45
\enit@count@id=\count177
\enitdp@description=\count178
) (c:/texlive/2020/texmf-dist/tex/latex/epstopdf-pkg/epstopdf.sty
Package: epstopdf 2020-01-24 v2.11 Conversion with epstopdf on the fly (HO)
 (c:/texlive/2020/texmf-dist/tex/generic/infwarerr/infwarerr.sty
Package: infwarerr 2019/12/03 v1.5 Providing info/warning/error messages (HO)
) (c:/texlive/2020/texmf-dist/tex/latex/grfext/grfext.sty
Package: grfext 2019/12/03 v1.3 Manage graphics extensions (HO)
 (c:/texlive/2020/texmf-dist/tex/generic/kvdefinekeys/kvdefinekeys.sty
Package: kvdefinekeys 2019-12-19 v1.6 Define keys (HO)
)) (c:/texlive/2020/texmf-dist/tex/latex/kvoptions/kvoptions.sty
Package: kvoptions 2019/11/29 v3.13 Key value format for package options (HO)
 (c:/texlive/2020/texmf-dist/tex/generic/ltxcmds/ltxcmds.sty
Package: ltxcmds 2019/12/15 v1.24 LaTeX kernel commands for general use (HO)
) (c:/texlive/2020/texmf-dist/tex/generic/kvsetkeys/kvsetkeys.sty
Package: kvsetkeys 2019/12/15 v1.18 Key value parser (HO)
)) (c:/texlive/2020/texmf-dist/tex/latex/pdftexcmds/pdftexcmds.sty
Package: pdftexcmds 2019/11/24 v0.31 Utility functions of pdfTeX for LuaTeX (HO)
 (c:/texlive/2020/texmf-dist/tex/generic/iftex/iftex.sty
Package: iftex 2020/03/06 v1.0d TeX engine tests
)
Package pdftexcmds Info: \pdf@primitive is available.
Package pdftexcmds Info: \pdf@ifprimitive is available.
Package pdftexcmds Info: \pdfdraftmode found.
) (c:/texlive/2020/texmf-dist/tex/latex/epstopdf-pkg/epstopdf-base.sty
Package: epstopdf-base 2020-01-24 v2.11 Base part for package epstopdf
Package epstopdf-base Info: Redefining graphics rule for `.eps' on input line 485.
Package grfext Info: Graphics extension search list:
(grfext)             [.pdf,.png,.jpg,.mps,.jpeg,.jbig2,.jb2,.PDF,.PNG,.JPG,.JPEG,.JBIG2,.JB2,.eps]
(grfext)             \AppendGraphicsExtensions on input line 504.
 (c:/texlive/2020/texmf-dist/tex/latex/latexconfig/epstopdf-sys.cfg
File: epstopdf-sys.cfg 2010/07/13 v1.3 Configuration of (r)epstopdf for TeX Live
))) (c:/texlive/2020/texmf-dist/tex/latex/caption/subcaption.sty
Package: subcaption 2020/01/22 v1.3d Sub-captions (AR)
\c@subfigure=\count179
\c@subtable=\count180
) (c:/texlive/2020/texmf-dist/tex/latex/psfrag/psfrag.sty
Package: psfrag 1998/04/11 v3.04 PSfrag (MCG)
\pfg@pcount=\count181
\pfg@scount=\count182
\pfg@temp=\write3
) (c:/texlive/2020/texmf-dist/tex/latex/amsmath/amsmath.sty
Package: amsmath 2020/01/20 v2.17e AMS math features
\@mathmargin=\skip50

For additional information on amsmath, use the `?' option.
(c:/texlive/2020/texmf-dist/tex/latex/amsmath/amstext.sty
Package: amstext 2000/06/29 v2.01 AMS text
 (c:/texlive/2020/texmf-dist/tex/latex/amsmath/amsgen.sty
File: amsgen.sty 1999/11/30 v2.0 generic functions
\@emptytoks=\toks17
\ex@=\dimen145
)) (c:/texlive/2020/texmf-dist/tex/latex/amsmath/amsbsy.sty
Package: amsbsy 1999/11/29 v1.2d Bold Symbols
\pmbraise@=\dimen146
) (c:/texlive/2020/texmf-dist/tex/latex/amsmath/amsopn.sty
Package: amsopn 2016/03/08 v2.02 operator names
)
\inf@bad=\count183
LaTeX Info: Redefining \frac on input line 227.
\uproot@=\count184
\leftroot@=\count185
LaTeX Info: Redefining \overline on input line 389.
\classnum@=\count186
\DOTSCASE@=\count187
LaTeX Info: Redefining \ldots on input line 486.
LaTeX Info: Redefining \dots on input line 489.
LaTeX Info: Redefining \cdots on input line 610.
\Mathstrutbox@=\box46
\strutbox@=\box47
\big@size=\dimen147
LaTeX Font Info:    Redeclaring font encoding OML on input line 733.
LaTeX Font Info:    Redeclaring font encoding OMS on input line 734.
\macc@depth=\count188
\c@MaxMatrixCols=\count189
\dotsspace@=\muskip16
\c@parentequation=\count190
\dspbrk@lvl=\count191
\tag@help=\toks18
\row@=\count192
\column@=\count193
\maxfields@=\count194
\andhelp@=\toks19
\eqnshift@=\dimen148
\alignsep@=\dimen149
\tagshift@=\dimen150
\tagwidth@=\dimen151
\totwidth@=\dimen152
\lineht@=\dimen153
\@envbody=\toks20
\multlinegap=\skip51
\multlinetaggap=\skip52
\mathdisplay@stack=\toks21
LaTeX Info: Redefining \[ on input line 2859.
LaTeX Info: Redefining \] on input line 2860.
) (c:/texlive/2020/texmf-dist/tex/latex/amsfonts/amssymb.sty
Package: amssymb 2013/01/14 v3.01 AMS font symbols
 (c:/texlive/2020/texmf-dist/tex/latex/amsfonts/amsfonts.sty
Package: amsfonts 2013/01/14 v3.01 Basic AMSFonts support
\symAMSa=\mathgroup4
\symAMSb=\mathgroup5
LaTeX Font Info:    Redeclaring math symbol \hbar on input line 98.
LaTeX Font Info:    Overwriting math alphabet `\mathfrak' in version `bold'
(Font)                  U/euf/m/n --> U/euf/b/n on input line 106.
)) (c:/texlive/2020/texmf-dist/tex/generic/epsf/epsf.sty
This is `epsf.tex' v2.7.4 <14 February 2011>
\epsffilein=\read2
\epsfframemargin=\dimen154
\epsfframethickness=\dimen155
\epsfrsize=\dimen156
\epsftmp=\dimen157
\epsftsize=\dimen158
\epsfxsize=\dimen159
\epsfysize=\dimen160
\pspoints=\dimen161
) (c:/texlive/2020/texmf-dist/tex/latex/tools/verbatim.sty
Package: verbatim 2019/11/10 v1.5r LaTeX2e package for verbatim enhancements
\every@verbatim=\toks22
\verbatim@line=\toks23
\verbatim@in@stream=\read3
) (c:/texlive/2020/texmf-dist/tex/latex/url/url.sty
\Urlmuskip=\muskip17
Package: url 2013/09/16  ver 3.4  Verb mode for urls, etc.
) (c:/texlive/2020/texmf-dist/tex/latex/graphics/color.sty
Package: color 2019/11/23 v1.2a Standard LaTeX Color (DPC)
 (c:/texlive/2020/texmf-dist/tex/latex/graphics-cfg/color.cfg
File: color.cfg 2016/01/02 v1.6 sample color configuration
)
Package color Info: Driver file: pdftex.def on input line 147.
) (c:/texlive/2020/texmf-dist/tex/latex/bbm-macros/bbm.sty
Package: bbm 1999/03/15 V 1.2 provides fonts for set symbols - TH
LaTeX Font Info:    Overwriting math alphabet `\mathbbm' in version `bold'
(Font)                  U/bbm/m/n --> U/bbm/bx/n on input line 33.
LaTeX Font Info:    Overwriting math alphabet `\mathbbmss' in version `bold'
(Font)                  U/bbmss/m/n --> U/bbmss/bx/n on input line 35.
) (c:/texlive/2020/texmf-dist/tex/latex/listings/listings.sty
\lst@mode=\count195
\lst@gtempboxa=\box48
\lst@token=\toks24
\lst@length=\count196
\lst@currlwidth=\dimen162
\lst@column=\count197
\lst@pos=\count198
\lst@lostspace=\dimen163
\lst@width=\dimen164
\lst@newlines=\count199
\lst@lineno=\count266
\lst@maxwidth=\dimen165
 (c:/texlive/2020/texmf-dist/tex/latex/listings/lstmisc.sty
File: lstmisc.sty 2020/03/24 1.8d (Carsten Heinz)
\c@lstnumber=\count267
\lst@skipnumbers=\count268
\lst@framebox=\box49
) (c:/texlive/2020/texmf-dist/tex/latex/listings/listings.cfg
File: listings.cfg 2020/03/24 1.8d listings configuration
))
Package: listings 2020/03/24 1.8d (Carsten Heinz)
 (c:/texlive/2020/texmf-dist/tex/latex/setspace/setspace.sty
Package: setspace 2011/12/19 v6.7a set line spacing
) (c:/texlive/2020/texmf-dist/tex/latex/float/float.sty
Package: float 2001/11/08 v1.3d Float enhancements (AL)
\c@float@type=\count269
\float@exts=\toks25
\float@box=\box50
\@float@everytoks=\toks26
\@floatcapt=\box51
) (c:/texlive/2020/texmf-dist/tex/latex/l3backend/l3backend-pdfmode.def
File: l3backend-pdfmode.def 2020-03-12 L3 backend support: PDF mode
\l__kernel_color_stack_int=\count270
\l__pdf_internal_box=\box52
) (c:/Users/wang/Desktop/cs229/ps2/tex/ps2.aux)
\openout1 = `ps2.aux'.

LaTeX Font Info:    Checking defaults for OML/cmm/m/it on input line 91.
LaTeX Font Info:    ... okay on input line 91.
LaTeX Font Info:    Checking defaults for OMS/cmsy/m/n on input line 91.
LaTeX Font Info:    ... okay on input line 91.
LaTeX Font Info:    Checking defaults for OT1/cmr/m/n on input line 91.
LaTeX Font Info:    ... okay on input line 91.
LaTeX Font Info:    Checking defaults for T1/cmr/m/n on input line 91.
LaTeX Font Info:    ... okay on input line 91.
LaTeX Font Info:    Checking defaults for TS1/cmr/m/n on input line 91.
LaTeX Font Info:    ... okay on input line 91.
LaTeX Font Info:    Checking defaults for OMX/cmex/m/n on input line 91.
LaTeX Font Info:    ... okay on input line 91.
LaTeX Font Info:    Checking defaults for U/cmr/m/n on input line 91.
LaTeX Font Info:    ... okay on input line 91.
 (c:/texlive/2020/texmf-dist/tex/context/base/mkii/supp-pdf.mkii
[Loading MPS to PDF converter (version 2006.09.02).]
\scratchcounter=\count271
\scratchdimen=\dimen166
\scratchbox=\box53
\nofMPsegments=\count272
\nofMParguments=\count273
\everyMPshowfont=\toks27
\MPscratchCnt=\count274
\MPscratchDim=\dimen167
\MPnumerator=\count275
\makeMPintoPDFobject=\count276
\everyMPtoPDFconversion=\toks28
)
Package caption Info: Begin \AtBeginDocument code.
Package caption Info: float package is loaded.
Package caption Info: listings package is loaded.
Package caption Info: End \AtBeginDocument code.
\c@lstlisting=\count277

Underfull \hbox (badness 10000) in paragraph at lines 96--103

 []

(c:/Users/wang/Desktop/cs229/ps2/tex/00-instructions/00-main.tex (c:/Users/wang/Desktop/cs229/ps2/tex/00-instructions/01-general.tex
LaTeX Font Info:    Trying to load font information for U+msa on input line 4.
 (c:/texlive/2020/texmf-dist/tex/latex/amsfonts/umsa.fd
File: umsa.fd 2013/01/14 v3.01 AMS symbols A
)
LaTeX Font Info:    Trying to load font information for U+msb on input line 4.
 (c:/texlive/2020/texmf-dist/tex/latex/amsfonts/umsb.fd
File: umsb.fd 2013/01/14 v3.01 AMS symbols B
)) (c:/Users/wang/Desktop/cs229/ps2/tex/00-instructions/02-submission.tex))

Package enumitem Warning: Negative labelwidth. This does not make much
(enumitem)                sense, on input line 112.

(c:/Users/wang/Desktop/cs229/ps2/tex/01-stability/00-main.tex [1
Non-PDF special ignored!
<special> header=psfrag.pro
{c:/texlive/2020/texmf-var/fonts/map/pdftex/updmap/pdftex.map}

] (c:/Users/wang/Desktop/cs229/ps2/tex/01-stability/01-a-vs-b.tex (c:/Users/wang/Desktop/cs229/ps2/tex/01-stability/01-a-vs-b-sol.tex)) (c:/Users/wang/Desktop/cs229/ps2/tex/01-stability/02-unstable.tex (c:/Users/wang/Desktop/cs229/ps2/tex/01-stability/02-unstable-sol.tex
<../src/output/dataset1_a.png, id=12, 462.528pt x 346.896pt>
File: ../src/output/dataset1_a.png Graphic file (type png)
<use ../src/output/dataset1_a.png>
Package pdftex.def Info: ../src/output/dataset1_a.png  used on input line 38.
(pdftex.def)             Requested size: 170.71652pt x 128.0372pt.
<../src/output/dataset1_b.png, id=14, 462.528pt x 346.896pt>
File: ../src/output/dataset1_b.png Graphic file (type png)
<use ../src/output/dataset1_b.png>
Package pdftex.def Info: ../src/output/dataset1_b.png  used on input line 44.
(pdftex.def)             Requested size: 170.71652pt x 128.0372pt.
)) [2

] (c:/Users/wang/Desktop/cs229/ps2/tex/01-stability/03-modifications.tex (c:/Users/wang/Desktop/cs229/ps2/tex/01-stability/03-modifications-sol.tex)) (c:/Users/wang/Desktop/cs229/ps2/tex/01-stability/04-svm.tex (c:/Users/wang/Desktop/cs229/ps2/tex/01-stability/04-svm-sol.tex))) (c:/Users/wang/Desktop/cs229/ps2/tex/02-calibration/00-main.tex [3 <c:/Users/wang/Desktop/cs229/ps2/tex/../src/output/dataset1_a.png> <c:/Users/wang/Desktop/cs229/ps2/tex/../src/output/dataset1_b.png>] (c:/Users/wang/Desktop/cs229/ps2/tex/02-calibration/01-logreg.tex (c:/Users/wang/Desktop/cs229/ps2/tex/02-calibration/01-logreg-sol.tex)) (c:/Users/wang/Desktop/cs229/ps2/tex/02-calibration/02-accuracy.tex (c:/Users/wang/Desktop/cs229/ps2/tex/02-calibration/02-accuracy-sol.tex)) (c:/Users/wang/Desktop/cs229/ps2/tex/02-calibration/03-l2-effect.tex [4

] (c:/Users/wang/Desktop/cs229/ps2/tex/02-calibration/03-l2-effect-sol.tex))) (c:/Users/wang/Desktop/cs229/ps2/tex/03-bayesian-regularization/00-main.tex [5] (c:/Users/wang/Desktop/cs229/ps2/tex/03-bayesian-regularization/01-argmax.tex (c:/Users/wang/Desktop/cs229/ps2/tex/03-bayesian-regularization/01-argmax-sol.tex [6

])) (c:/Users/wang/Desktop/cs229/ps2/tex/03-bayesian-regularization/02-l2.tex (c:/Users/wang/Desktop/cs229/ps2/tex/03-bayesian-regularization/02-l2-sol.tex)) (c:/Users/wang/Desktop/cs229/ps2/tex/03-bayesian-regularization/03-closed-form.tex (c:/Users/wang/Desktop/cs229/ps2/tex/03-bayesian-regularization/03-closed-form-sol.tex
Overfull \hbox (8.93204pt too wide) detected at line 18
[][]
 []

[7])) (c:/Users/wang/Desktop/cs229/ps2/tex/03-bayesian-regularization/04-l1.tex (c:/Users/wang/Desktop/cs229/ps2/tex/03-bayesian-regularization/04-l1-sol.tex [8]))) (c:/Users/wang/Desktop/cs229/ps2/tex/04-kernels/00-main.tex [9] (c:/Users/wang/Desktop/cs229/ps2/tex/04-kernels/00-main-sol.tex [10

])) (c:/Users/wang/Desktop/cs229/ps2/tex/05-perceptron/00-main.tex [11] (c:/Users/wang/Desktop/cs229/ps2/tex/05-perceptron/01-description.tex (c:/Users/wang/Desktop/cs229/ps2/tex/05-perceptron/01-description-sol.tex [12])) (c:/Users/wang/Desktop/cs229/ps2/tex/05-perceptron/02-impl.tex) (c:/Users/wang/Desktop/cs229/ps2/tex/05-perceptron/03-failure.tex
Overfull \hbox (4.20537pt too wide) in paragraph at lines 1--9
[]\OT1/cmr/m/n/10 [2 points] Run \OT1/cmtt/m/n/10 src/p05[]percept.py \OT1/cmr/m/n/10 to train ker-nel-ized per-cep-trons on \OT1/cmtt/m/n/10 data/ds5[]train.csv\OT1/cmr/m/n/10 .
 []

(c:/Users/wang/Desktop/cs229/ps2/tex/05-perceptron/03-failure-sol.tex
<../src/output/p05_dot_output.pdf, id=63, 867.24pt x 578.16pt>
File: ../src/output/p05_dot_output.pdf Graphic file (type pdf)
<use ../src/output/p05_dot_output.pdf>
Package pdftex.def Info: ../src/output/p05_dot_output.pdf  used on input line 6.
(pdftex.def)             Requested size: 170.71652pt x 113.80379pt.
<../src/output/p05_rbf_output.pdf, id=64, 867.24pt x 578.16pt>
File: ../src/output/p05_rbf_output.pdf Graphic file (type pdf)
<use ../src/output/p05_rbf_output.pdf>
Package pdftex.def Info: ../src/output/p05_rbf_output.pdf  used on input line 12.
(pdftex.def)             Requested size: 170.71652pt x 113.80379pt.

Underfull \hbox (badness 10000) in paragraph at lines 1--16

 []

))) (c:/Users/wang/Desktop/cs229/ps2/tex/06-spam/00-main.tex [13 <c:/Users/wang/Desktop/cs229/ps2/tex/../src/output/p05_dot_output.pdf> <c:/Users/wang/Desktop/cs229/ps2/tex/../src/output/p05_rbf_output.pdf

pdfTeX warning: pdflatex.exe (file c:/Users/wang/Desktop/cs229/ps2/tex/../src/output/p05_rbf_output.pdf): PDF inclusion: multiple pdfs with page group included in a single page
>] (c:/Users/wang/Desktop/cs229/ps2/tex/06-spam/01-input-processing.tex
Overfull \hbox (17.8634pt too wide) in paragraph at lines 1--3
\OT1/cmr/m/n/10 be fed into ma-chine learn-ing mod-els. Do this by com-plet-ing the \OT1/cmtt/m/n/10 get[]words\OT1/cmr/m/n/10 , \OT1/cmtt/m/n/10 create[]dictionary\OT1/cmr/m/n/10 ,
 []

(c:/Users/wang/Desktop/cs229/ps2/tex/06-spam/01-input-processing-sol.tex)) (c:/Users/wang/Desktop/cs229/ps2/tex/06-spam/02-naive-bayes.tex
Overfull \hbox (24.6522pt too wide) in paragraph at lines 11--14
\OT1/cmr/m/n/10 tion ac-cu-racy and then save your re-sult-ing pre-dic-tions to \OT1/cmtt/m/n/10 output/p06[]naive[]bayes[]predictions\OT1/cmr/m/n/10 . 
 []

(c:/Users/wang/Desktop/cs229/ps2/tex/06-spam/02-naive-bayes-sol.tex)) (c:/Users/wang/Desktop/cs229/ps2/tex/06-spam/03-five-best.tex [14] (c:/Users/wang/Desktop/cs229/ps2/tex/06-spam/03-five-best-sol.tex)) (c:/Users/wang/Desktop/cs229/ps2/tex/06-spam/04-svm.tex (c:/Users/wang/Desktop/cs229/ps2/tex/06-spam/04-svm-sol.tex))) [15] (c:/Users/wang/Desktop/cs229/ps2/tex/ps2.aux) ) 
Here is how much of TeX's memory you used:
 6213 strings out of 480608
 97633 string characters out of 5907537
 343049 words of memory out of 5000000
 21867 multiletter control sequences out of 15000+600000
 539516 words of font info for 52 fonts, out of 8000000 for 9000
 1141 hyphenation exceptions out of 8191
 41i,11n,45p,714b,671s stack positions out of 5000i,500n,10000p,200000b,80000s
<c:/texlive/2020/texmf-dist/fonts/type1/public/amsfonts/cm/cmbx10.pfb><c:/texlive/2020/texmf-dist/fonts/type1/public/amsfonts/cm/cmex10.pfb><c:/texlive/2020/texmf-dist/fonts/type1/public/amsfonts/cm/cmmi10.pfb><c:/texlive/2020/texmf-dist/fonts/type1/public/amsfonts/cm/cmmi5.pfb><c:/texlive/2020/texmf-dist/fonts/type1/public/amsfonts/cm/cmmi7.pfb><c:/texlive/2020/texmf-dist/fonts/type1/public/amsfonts/cm/cmr10.pfb><c:/texlive/2020/texmf-dist/fonts/type1/public/amsfonts/cm/cmr17.pfb><c:/texlive/2020/texmf-dist/fonts/type1/public/amsfonts/cm/cmr5.pfb><c:/texlive/2020/texmf-dist/fonts/type1/public/amsfonts/cm/cmr6.pfb><c:/texlive/2020/texmf-dist/fonts/type1/public/amsfonts/cm/cmr7.pfb><c:/texlive/2020/texmf-dist/fonts/type1/public/amsfonts/cm/cmr8.pfb><c:/texlive/2020/texmf-dist/fonts/type1/public/amsfonts/cm/cmsl10.pfb><c:/texlive/2020/texmf-dist/fonts/type1/public/amsfonts/cm/cmss10.pfb><c:/texlive/2020/texmf-dist/fonts/type1/public/amsfonts/cm/cmss8.pfb><c:/texlive/2020/texmf-dist/fonts/type1/public/amsfonts/cm/cmsy10.pfb><c:/texlive/2020/texmf-dist/fonts/type1/public/amsfonts/cm/cmsy7.pfb><c:/texlive/2020/texmf-dist/fonts/type1/public/amsfonts/cm/cmti10.pfb><c:/texlive/2020/texmf-dist/fonts/type1/public/amsfonts/cm/cmtt10.pfb><c:/texlive/2020/texmf-dist/fonts/type1/public/amsfonts/symbols/msam10.pfb><c:/texlive/2020/texmf-dist/fonts/type1/public/amsfonts/symbols/msbm10.pfb>
Output written on c:/Users/wang/Desktop/cs229/ps2/tex/ps2.pdf (15 pages, 312712 bytes).
PDF statistics:
 170 PDF objects out of 1000 (max. 8388607)
 107 compressed objects within 2 object streams
 0 named destinations out of 1000 (max. 500000)
 21 words of extra memory for PDF output out of 10000 (max. 10000000)

